<?xml version="1.0" encoding="UTF-8"?>
<!-- Generated by org.testng.reporters.JUnitXMLReporter -->
<testsuite ignored="1" hostname="LAPTOP-BKQKR9C4" failures="0" tests="3" name="Regression tests" time="0.012" errors="0" timestamp="2025-01-14T16:35:18 IST">
  <testcase classname="TestNgFeatures.Grouping2" name="Productsearch" time="0.001"/>
  <testcase classname="TestNgFeatures.Grouping2" name="addcart" time="0.001"/>
  <testcase classname="TestNgFeatures.Grouping2" name="checkoutprocesss" time="0.001"/>
  <testcase classname="TestNgFeatures.Grouping2" name="Testuserlogin" time="0.0">
    <ignored/>
  </testcase> <!-- Testuserlogin -->
</testsuite> <!-- Regression tests -->
