<?xml version="1.0" encoding="UTF-8"?>
<!-- Generated by org.testng.reporters.JUnitXMLReporter -->
<testsuite ignored="3" hostname="LAPTOP-BKQKR9C4" failures="0" tests="1" name="Smoke test" time="0.051" errors="0" timestamp="2025-01-14T16:35:17 IST">
  <testcase classname="TestNgFeatures.Grouping2" name="Testuserlogin" time="0.009"/>
  <testcase classname="TestNgFeatures.Grouping2" name="Productsearch" time="0.0">
    <ignored/>
  </testcase> <!-- Productsearch -->
  <testcase classname="TestNgFeatures.Grouping2" name="checkoutprocesss" time="0.0">
    <ignored/>
  </testcase> <!-- checkoutprocesss -->
  <testcase classname="TestNgFeatures.Grouping2" name="addcart" time="0.0">
    <ignored/>
  </testcase> <!-- addcart -->
</testsuite> <!-- Smoke test -->
