<?xml version="1.0" encoding="UTF-8"?>
<testng-results ignored="0" total="2" passed="2" failed="0" skipped="0">
  <reporter-output>
  </reporter-output>
  <suite started-at="2025-01-14T17:41:54 IST" name="Default suite" finished-at="2025-01-14T17:41:54 IST" duration-ms="57">
    <groups>
    </groups>
    <test started-at="2025-01-14T17:41:54 IST" name="Default test" finished-at="2025-01-14T17:41:54 IST" duration-ms="57">
      <class name="TestNgAssertions.SoftAssertion1">
        <test-method signature="Test1()[pri:0, instance:TestNgAssertions.SoftAssertion1@702657cc]" started-at="2025-01-14T17:41:54 IST" name="Test1" finished-at="2025-01-14T17:41:54 IST" duration-ms="14" status="PASS">
          <reporter-output>
          </reporter-output>
        </test-method> <!-- Test1 -->
        <test-method signature="Test2()[pri:0, instance:TestNgAssertions.SoftAssertion1@702657cc]" started-at="2025-01-14T17:41:54 IST" name="Test2" finished-at="2025-01-14T17:41:54 IST" duration-ms="2" status="PASS">
          <reporter-output>
          </reporter-output>
        </test-method> <!-- Test2 -->
      </class> <!-- TestNgAssertions.SoftAssertion1 -->
    </test> <!-- Default test -->
  </suite> <!-- Default suite -->
</testng-results>
